<?xml version="1.0" encoding="UTF-8"?>
<testExecutions version="1">
  <file path="/Users/jmw6635/Dev/repos/codequality-poc/src/App.test.js">
    <testCase name="renders learn react link" duration="48"/>
  </file>
</testExecutions>